[debug] > Exec(early(addDefaultCommands), None, None)
[debug] > Exec(addDefaultCommands, None, None)
[debug] > Exec(early(initialize), None, None)
[debug] > Exec(initialize, None, None)
[debug] > Exec(boot, None, None)
[debug] > Exec(writeSbtVersion, None, None)
[debug] > Exec(reload, None, None)
[debug] > Exec(sbtStashOnFailure, None, None)
[debug] > Exec(onFailure loadFailed, None, None)
[debug] > Exec(loadp, None, None)
[info] welcome to sbt 1.4.7 (Oracle Corporation Java 1.8.0_281)
[debug]       Load.loadUnit: plugins took 98.8055ms
[debug]       Load.loadUnit: defsScala took 0.3055ms
[debug] [Loading] Scanning directory C:\Users\Dell\.sbt\1.0\plugins
[debug] [Loading] Found non-root projects 
[debug] [Loading] Done in C:\Users\Dell\.sbt\1.0\plugins, returning: ()
[debug] deducing auto plugins based on known facts Set(Atom(sbt.plugins.CorePlugin)) and clauses Clauses(List(Clause(Atom(sbt.plugins.JvmPlugin),Set(Atom(sbt.plugins.IvyPlugin))), Clause(Atom(sbt.ScriptedPlugin),Set(Atom(sbt.plugins.JvmPlugin))), Clause(Atom(sbt.plugins.SbtPlugin),Set(Atom(sbt.ScriptedPlugin))), Clause(Atom(sbt.plugins.SemanticdbPlugin),Set(Atom(sbt.plugins.JvmPlugin))), Clause(Atom(sbt.plugins.JUnitXmlReportPlugin),Set(Atom(sbt.plugins.JvmPlugin))), Clause(Atom(sbt.plugins.MiniDependencyTreePlugin),Set(Atom(sbt.plugins.JvmPlugin))), Clause(Atom(sbt.plugins.CorePlugin),Set(Atom(sbt.plugins.IvyPlugin))), Clause(Atom(sbt.plugins.IvyPlugin),Set(Atom(sbt.plugins.JvmPlugin))), Clause(Atom(sbt.plugins.JvmPlugin),Set(Atom(sbt.plugins.SemanticdbPlugin))), Clause(Atom(sbt.plugins.JvmPlugin),Set(Atom(sbt.plugins.JUnitXmlReportPlugin))), Clause(Atom(sbt.plugins.CorePlugin),Set(Atom(sbt.plugins.Giter8TemplatePlugin))), Clause(Atom(sbt.plugins.JvmPlugin),Set(Atom(sbt.plugins.MiniDependencyTreePlugin)))))
[debug]   :: deduced result: Matched(sbt.plugins.CorePlugin,sbt.plugins.Giter8TemplatePlugin,sbt.plugins.IvyPlugin,sbt.plugins.JvmPlugin,sbt.plugins.MiniDependencyTreePlugin,sbt.plugins.JUnitXmlReportPlugin,sbt.plugins.SemanticdbPlugin)
[debug] Plugins.deducer#function took 20.6843 ms
[debug]           Load.resolveProject(global-plugins) took 46.297ms
[debug]         Load.loadTransitive: finalizeProject(Project(id global-plugins, base: C:\Users\Dell\.sbt\1.0\plugins, plugins: List(<none>))) took 95.0696ms
[debug] [Loading] Done in C:\Users\Dell\.sbt\1.0\plugins, returning: (global-plugins)
[debug]       Load.loadUnit: loadedProjectsRaw took 118.0836ms
[debug]       Load.loadUnit: cleanEvalClasses took 0.246ms
[debug]     Load.loadUnit(file:/C:/Users/Dell/.sbt/1.0/plugins/, ...) took 227.6787ms
[debug]   Load.apply: load took 496.367ms
[debug]   Load.apply: resolveProjects took 6.2182ms
[debug]   Load.apply: finalTransforms took 57.0774ms
[debug]   Load.apply: config.delegates took 7.8521ms
[debug]   Load.apply: Def.make(settings)... took 1272.4412ms
[debug]   Load.apply: structureIndex took 113.5395ms
[debug]   Load.apply: mkStreams took 1.7379ms
[info] loading global plugins from C:\Users\Dell\.sbt\1.0\plugins
[debug] Running task... Cancel: Signal, check cycles: false, forcegc: true
[debug] Load.defaultLoad until apply took 4305.3363ms
[debug]           Load.loadUnit: plugins took 32.9313ms
[debug]           Load.loadUnit: defsScala took 0.0029ms
[debug] [Loading] Scanning directory C:\Users\Dell\Desktop\Backend\Week9\project
[debug] [Loading] Found non-root projects 
[debug] [Loading] Done in C:\Users\Dell\Desktop\Backend\Week9\project, returning: ()
[debug] deducing auto plugins based on known facts Set(Atom(sbt.plugins.CorePlugin)) and clauses Clauses(List(Clause(Atom(sbt.plugins.JvmPlugin),Set(Atom(sbt.plugins.IvyPlugin))), Clause(Atom(sbt.ScriptedPlugin),Set(Atom(sbt.plugins.JvmPlugin))), Clause(Atom(sbt.plugins.SbtPlugin),Set(Atom(sbt.ScriptedPlugin))), Clause(Atom(sbt.plugins.SemanticdbPlugin),Set(Atom(sbt.plugins.JvmPlugin))), Clause(Atom(sbt.plugins.JUnitXmlReportPlugin),Set(Atom(sbt.plugins.JvmPlugin))), Clause(Atom(sbt.plugins.MiniDependencyTreePlugin),Set(Atom(sbt.plugins.JvmPlugin))), Clause(Atom(sbt.plugins.CorePlugin),Set(Atom(sbt.plugins.IvyPlugin))), Clause(Atom(sbt.plugins.IvyPlugin),Set(Atom(sbt.plugins.JvmPlugin))), Clause(Atom(sbt.plugins.JvmPlugin),Set(Atom(sbt.plugins.SemanticdbPlugin))), Clause(Atom(sbt.plugins.JvmPlugin),Set(Atom(sbt.plugins.JUnitXmlReportPlugin))), Clause(Atom(sbt.plugins.CorePlugin),Set(Atom(sbt.plugins.Giter8TemplatePlugin))), Clause(Atom(sbt.plugins.JvmPlugin),Set(Atom(sbt.plugins.MiniDependencyTreePlugin)))))
[debug]   :: deduced result: Matched(sbt.plugins.CorePlugin,sbt.plugins.Giter8TemplatePlugin,sbt.plugins.IvyPlugin,sbt.plugins.JvmPlugin,sbt.plugins.MiniDependencyTreePlugin,sbt.plugins.JUnitXmlReportPlugin,sbt.plugins.SemanticdbPlugin)
[debug] Plugins.deducer#function took 1.7558 ms
[debug]               Load.resolveProject(week9-build) took 1.0713ms
[debug]             Load.loadTransitive: finalizeProject(Project(id week9-build, base: C:\Users\Dell\Desktop\Backend\Week9\project, plugins: List(<none>))) took 3.3295ms
[debug] [Loading] Done in C:\Users\Dell\Desktop\Backend\Week9\project, returning: (week9-build)
[debug]           Load.loadUnit: loadedProjectsRaw took 5.3507ms
[debug]           Load.loadUnit: cleanEvalClasses took 0.0077ms
[debug]         Load.loadUnit(file:/C:/Users/Dell/Desktop/Backend/Week9/project/, ...) took 39.3884ms
[debug]       Load.apply: load took 40.6183ms
[debug]       Load.apply: resolveProjects took 0.0991ms
[debug]       Load.apply: finalTransforms took 12.1996ms
[debug]       Load.apply: config.delegates took 0.4564ms
[debug]       Load.apply: Def.make(settings)... took 74.3762ms
[debug]       Load.apply: structureIndex took 26.3017ms
[debug]       Load.apply: mkStreams took 0.0033ms
[info] loading project definition from C:\Users\Dell\Desktop\Backend\Week9\project
[debug] Running task... Cancel: Signal, check cycles: false, forcegc: true
[debug]     Load.loadUnit: plugins took 332.4824ms
[debug]     Load.loadUnit: defsScala took 0.0048ms
[debug] [Loading] Scanning directory C:\Users\Dell\Desktop\Backend\Week9
[debug]       Load.loadUnit: mkEval took 8.0318ms
[debug] [Loading] Found non-root projects 
[debug] [Loading] Done in C:\Users\Dell\Desktop\Backend\Week9, returning: ()
[debug] deducing auto plugins based on known facts Set(Atom(sbt.plugins.CorePlugin)) and clauses Clauses(List(Clause(Atom(sbt.plugins.JvmPlugin),Set(Atom(sbt.plugins.IvyPlugin))), Clause(Atom(sbt.ScriptedPlugin),Set(Atom(sbt.plugins.JvmPlugin))), Clause(Atom(sbt.plugins.SbtPlugin),Set(Atom(sbt.ScriptedPlugin))), Clause(Atom(sbt.plugins.SemanticdbPlugin),Set(Atom(sbt.plugins.JvmPlugin))), Clause(Atom(sbt.plugins.JUnitXmlReportPlugin),Set(Atom(sbt.plugins.JvmPlugin))), Clause(Atom(sbt.plugins.MiniDependencyTreePlugin),Set(Atom(sbt.plugins.JvmPlugin))), Clause(Atom(sbt.plugins.CorePlugin),Set(Atom(sbt.plugins.IvyPlugin))), Clause(Atom(sbt.plugins.IvyPlugin),Set(Atom(sbt.plugins.JvmPlugin))), Clause(Atom(sbt.plugins.JvmPlugin),Set(Atom(sbt.plugins.SemanticdbPlugin))), Clause(Atom(sbt.plugins.JvmPlugin),Set(Atom(sbt.plugins.JUnitXmlReportPlugin))), Clause(Atom(sbt.plugins.CorePlugin),Set(Atom(sbt.plugins.Giter8TemplatePlugin))), Clause(Atom(sbt.plugins.JvmPlugin),Set(Atom(sbt.plugins.MiniDependencyTreePlugin)))))
[debug]   :: deduced result: Matched(sbt.plugins.CorePlugin,sbt.plugins.Giter8TemplatePlugin,sbt.plugins.IvyPlugin,sbt.plugins.JvmPlugin,sbt.plugins.MiniDependencyTreePlugin,sbt.plugins.JUnitXmlReportPlugin,sbt.plugins.SemanticdbPlugin)
[debug] Plugins.deducer#function took 1.6126 ms
[info] loading settings for project week9 from build.sbt ...
[debug]         Load.resolveProject(week9) took 2.9006ms
[debug]       Load.loadTransitive: finalizeProject(Project(id week9, base: C:\Users\Dell\Desktop\Backend\Week9, plugins: List(<none>))) took 4.9794ms
[debug] [Loading] Done in C:\Users\Dell\Desktop\Backend\Week9, returning: (week9)
[debug]     Load.loadUnit: loadedProjectsRaw took 181.9367ms
[debug]     Load.loadUnit: cleanEvalClasses took 7.7839ms
[debug]   Load.loadUnit(file:/C:/Users/Dell/Desktop/Backend/Week9/, ...) took 522.9912ms
[debug] Load.apply: load took 524.4965ms
[debug] Load.apply: resolveProjects took 0.0969ms
[debug] Load.apply: finalTransforms took 5.5246ms
[debug] Load.apply: config.delegates took 0.2832ms
[debug] Load.apply: Def.make(settings)... took 106.093ms
[debug] Load.apply: structureIndex took 19.978ms
[debug] Load.apply: mkStreams took 0.0023ms
[info] set current project to Week9 (in build file:/C:/Users/Dell/Desktop/Backend/Week9/)
[debug] > Exec(sbtPopOnFailure, None, None)
[debug] > Exec(resumeFromFailure, None, None)
[debug] > Exec(notifyUsersAboutShell, None, None)
[debug] > Exec(iflast shell, None, None)
[debug] > Exec(run, None, None)
[debug] Evaluating tasks: Compile / run
[debug] Running task... Cancel: Signal, check cycles: false, forcegc: true
[info] compiling 1 Scala source to C:\Users\Dell\Desktop\Backend\Week9\target\scala-2.12\classes ...
[warn] C:\Users\Dell\Desktop\Backend\Week9\src\main\scala\Week2_Calculator.scala:21:52: unreachable code
[warn]   def addSub[_: P]: P[Double] = P( divMul ~ (CharIn("++\\-").! ~/ divMul).rep ).map(sign)
[warn]                                                    ^
[warn] there was one deprecation warning (since 2.11.0); re-run with -deprecation for details
[warn] two warnings found
[info] done compiling
