[debug] > Exec(early(addDefaultCommands), None, None)
[debug] > Exec(addDefaultCommands, None, None)
[debug] > Exec(early(initialize), None, None)
[debug] > Exec(initialize, None, None)
[debug] > Exec(boot, None, None)
[debug] > Exec(writeSbtVersion, None, None)
[debug] > Exec(reload, None, None)
[debug] > Exec(sbtStashOnFailure, None, None)
[debug] > Exec(onFailure loadFailed, None, None)
[debug] > Exec(loadp, None, None)
[info] welcome to sbt 1.4.7 (Oracle Corporation Java 1.8.0_281)
[debug]       Load.loadUnit: plugins took 211.1191ms
[debug]       Load.loadUnit: defsScala took 0.3171ms
[debug] [Loading] Scanning directory C:\Users\Dell\.sbt\1.0\plugins
[debug] [Loading] Found non-root projects 
[debug] [Loading] Done in C:\Users\Dell\.sbt\1.0\plugins, returning: ()
[debug] deducing auto plugins based on known facts Set(Atom(sbt.plugins.CorePlugin)) and clauses Clauses(List(Clause(Atom(sbt.plugins.JvmPlugin),Set(Atom(sbt.plugins.IvyPlugin))), Clause(Atom(sbt.ScriptedPlugin),Set(Atom(sbt.plugins.JvmPlugin))), Clause(Atom(sbt.plugins.SbtPlugin),Set(Atom(sbt.ScriptedPlugin))), Clause(Atom(sbt.plugins.SemanticdbPlugin),Set(Atom(sbt.plugins.JvmPlugin))), Clause(Atom(sbt.plugins.JUnitXmlReportPlugin),Set(Atom(sbt.plugins.JvmPlugin))), Clause(Atom(sbt.plugins.MiniDependencyTreePlugin),Set(Atom(sbt.plugins.JvmPlugin))), Clause(Atom(sbt.plugins.CorePlugin),Set(Atom(sbt.plugins.IvyPlugin))), Clause(Atom(sbt.plugins.IvyPlugin),Set(Atom(sbt.plugins.JvmPlugin))), Clause(Atom(sbt.plugins.JvmPlugin),Set(Atom(sbt.plugins.SemanticdbPlugin))), Clause(Atom(sbt.plugins.JvmPlugin),Set(Atom(sbt.plugins.JUnitXmlReportPlugin))), Clause(Atom(sbt.plugins.CorePlugin),Set(Atom(sbt.plugins.Giter8TemplatePlugin))), Clause(Atom(sbt.plugins.JvmPlugin),Set(Atom(sbt.plugins.MiniDependencyTreePlugin)))))
[debug]   :: deduced result: Matched(sbt.plugins.CorePlugin,sbt.plugins.Giter8TemplatePlugin,sbt.plugins.IvyPlugin,sbt.plugins.JvmPlugin,sbt.plugins.MiniDependencyTreePlugin,sbt.plugins.JUnitXmlReportPlugin,sbt.plugins.SemanticdbPlugin)
[debug] Plugins.deducer#function took 19.6831 ms
[debug]           Load.resolveProject(global-plugins) took 43.2855ms
[debug]         Load.loadTransitive: finalizeProject(Project(id global-plugins, base: C:\Users\Dell\.sbt\1.0\plugins, plugins: List(<none>))) took 88.9164ms
[debug] [Loading] Done in C:\Users\Dell\.sbt\1.0\plugins, returning: (global-plugins)
[debug]       Load.loadUnit: loadedProjectsRaw took 109.1028ms
[debug]       Load.loadUnit: cleanEvalClasses took 0.2433ms
[debug]     Load.loadUnit(file:/C:/Users/Dell/.sbt/1.0/plugins/, ...) took 330.0285ms
[debug]   Load.apply: load took 479.8357ms
[debug]   Load.apply: resolveProjects took 6.03ms
[debug]   Load.apply: finalTransforms took 56.1068ms
[debug]   Load.apply: config.delegates took 7.8488ms
[debug]   Load.apply: Def.make(settings)... took 1294.6145ms
[debug]   Load.apply: structureIndex took 106.7521ms
[debug]   Load.apply: mkStreams took 1.9461ms
[info] loading global plugins from C:\Users\Dell\.sbt\1.0\plugins
[debug] Running task... Cancel: Signal, check cycles: false, forcegc: true
[debug] Load.defaultLoad until apply took 4105.9794ms
[debug]           Load.loadUnit: plugins took 29.4117ms
[debug]           Load.loadUnit: defsScala took 0.0036ms
[debug] [Loading] Scanning directory C:\Users\Dell\Desktop\Backend\Week9\project
[debug] [Loading] Found non-root projects 
[debug] [Loading] Done in C:\Users\Dell\Desktop\Backend\Week9\project, returning: ()
[debug] deducing auto plugins based on known facts Set(Atom(sbt.plugins.CorePlugin)) and clauses Clauses(List(Clause(Atom(sbt.plugins.JvmPlugin),Set(Atom(sbt.plugins.IvyPlugin))), Clause(Atom(sbt.ScriptedPlugin),Set(Atom(sbt.plugins.JvmPlugin))), Clause(Atom(sbt.plugins.SbtPlugin),Set(Atom(sbt.ScriptedPlugin))), Clause(Atom(sbt.plugins.SemanticdbPlugin),Set(Atom(sbt.plugins.JvmPlugin))), Clause(Atom(sbt.plugins.JUnitXmlReportPlugin),Set(Atom(sbt.plugins.JvmPlugin))), Clause(Atom(sbt.plugins.MiniDependencyTreePlugin),Set(Atom(sbt.plugins.JvmPlugin))), Clause(Atom(sbt.plugins.CorePlugin),Set(Atom(sbt.plugins.IvyPlugin))), Clause(Atom(sbt.plugins.IvyPlugin),Set(Atom(sbt.plugins.JvmPlugin))), Clause(Atom(sbt.plugins.JvmPlugin),Set(Atom(sbt.plugins.SemanticdbPlugin))), Clause(Atom(sbt.plugins.JvmPlugin),Set(Atom(sbt.plugins.JUnitXmlReportPlugin))), Clause(Atom(sbt.plugins.CorePlugin),Set(Atom(sbt.plugins.Giter8TemplatePlugin))), Clause(Atom(sbt.plugins.JvmPlugin),Set(Atom(sbt.plugins.MiniDependencyTreePlugin)))))
[debug]   :: deduced result: Matched(sbt.plugins.CorePlugin,sbt.plugins.Giter8TemplatePlugin,sbt.plugins.IvyPlugin,sbt.plugins.JvmPlugin,sbt.plugins.MiniDependencyTreePlugin,sbt.plugins.JUnitXmlReportPlugin,sbt.plugins.SemanticdbPlugin)
[debug] Plugins.deducer#function took 2.0309 ms
[debug]               Load.resolveProject(week9-build) took 1.3375ms
[debug]             Load.loadTransitive: finalizeProject(Project(id week9-build, base: C:\Users\Dell\Desktop\Backend\Week9\project, plugins: List(<none>))) took 3.8869ms
[debug] [Loading] Done in C:\Users\Dell\Desktop\Backend\Week9\project, returning: (week9-build)
[debug]           Load.loadUnit: loadedProjectsRaw took 5.9541ms
[debug]           Load.loadUnit: cleanEvalClasses took 0.0121ms
[debug]         Load.loadUnit(file:/C:/Users/Dell/Desktop/Backend/Week9/project/, ...) took 36.6024ms
[debug]       Load.apply: load took 38.3583ms
[debug]       Load.apply: resolveProjects took 0.1076ms
[debug]       Load.apply: finalTransforms took 8.4716ms
[debug]       Load.apply: config.delegates took 0.394ms
[debug]       Load.apply: Def.make(settings)... took 87.3517ms
[debug]       Load.apply: structureIndex took 26.2206ms
[debug]       Load.apply: mkStreams took 0.0028ms
[info] loading project definition from C:\Users\Dell\Desktop\Backend\Week9\project
[debug] Running task... Cancel: Signal, check cycles: false, forcegc: true
[debug]     Load.loadUnit: plugins took 323.1375ms
[debug]     Load.loadUnit: defsScala took 0.0028ms
[debug] [Loading] Scanning directory C:\Users\Dell\Desktop\Backend\Week9
[debug]       Load.loadUnit: mkEval took 7.441ms
[debug] [Loading] Found non-root projects 
[debug] [Loading] Done in C:\Users\Dell\Desktop\Backend\Week9, returning: ()
[debug] deducing auto plugins based on known facts Set(Atom(sbt.plugins.CorePlugin)) and clauses Clauses(List(Clause(Atom(sbt.plugins.JvmPlugin),Set(Atom(sbt.plugins.IvyPlugin))), Clause(Atom(sbt.ScriptedPlugin),Set(Atom(sbt.plugins.JvmPlugin))), Clause(Atom(sbt.plugins.SbtPlugin),Set(Atom(sbt.ScriptedPlugin))), Clause(Atom(sbt.plugins.SemanticdbPlugin),Set(Atom(sbt.plugins.JvmPlugin))), Clause(Atom(sbt.plugins.JUnitXmlReportPlugin),Set(Atom(sbt.plugins.JvmPlugin))), Clause(Atom(sbt.plugins.MiniDependencyTreePlugin),Set(Atom(sbt.plugins.JvmPlugin))), Clause(Atom(sbt.plugins.CorePlugin),Set(Atom(sbt.plugins.IvyPlugin))), Clause(Atom(sbt.plugins.IvyPlugin),Set(Atom(sbt.plugins.JvmPlugin))), Clause(Atom(sbt.plugins.JvmPlugin),Set(Atom(sbt.plugins.SemanticdbPlugin))), Clause(Atom(sbt.plugins.JvmPlugin),Set(Atom(sbt.plugins.JUnitXmlReportPlugin))), Clause(Atom(sbt.plugins.CorePlugin),Set(Atom(sbt.plugins.Giter8TemplatePlugin))), Clause(Atom(sbt.plugins.JvmPlugin),Set(Atom(sbt.plugins.MiniDependencyTreePlugin)))))
[debug]   :: deduced result: Matched(sbt.plugins.CorePlugin,sbt.plugins.Giter8TemplatePlugin,sbt.plugins.IvyPlugin,sbt.plugins.JvmPlugin,sbt.plugins.MiniDependencyTreePlugin,sbt.plugins.JUnitXmlReportPlugin,sbt.plugins.SemanticdbPlugin)
[debug] Plugins.deducer#function took 2.1593 ms
[info] loading settings for project week9 from build.sbt ...
[debug]         Load.resolveProject(week9) took 4.2793ms
[debug]       Load.loadTransitive: finalizeProject(Project(id week9, base: C:\Users\Dell\Desktop\Backend\Week9, plugins: List(<none>))) took 7.3019ms
[debug] [Loading] Done in C:\Users\Dell\Desktop\Backend\Week9, returning: (week9)
[debug]     Load.loadUnit: loadedProjectsRaw took 202.589ms
[debug]     Load.loadUnit: cleanEvalClasses took 8.1454ms
[debug]   Load.loadUnit(file:/C:/Users/Dell/Desktop/Backend/Week9/, ...) took 534.6138ms
[debug] Load.apply: load took 536.6939ms
[debug] Load.apply: resolveProjects took 0.1063ms
[debug] Load.apply: finalTransforms took 7.1376ms
[debug] Load.apply: config.delegates took 0.5758ms
[debug] Load.apply: Def.make(settings)... took 107.9369ms
[debug] Load.apply: structureIndex took 30.798ms
[debug] Load.apply: mkStreams took 0.0026ms
[info] set current project to Week9 (in build file:/C:/Users/Dell/Desktop/Backend/Week9/)
[debug] > Exec(sbtPopOnFailure, None, None)
[debug] > Exec(resumeFromFailure, None, None)
[debug] > Exec(notifyUsersAboutShell, None, None)
[debug] > Exec(iflast shell, None, None)
[debug] > Exec(run, None, None)
[debug] Evaluating tasks: Compile / run
[debug] Running task... Cancel: Signal, check cycles: false, forcegc: true
[info] compiling 1 Scala source to C:\Users\Dell\Desktop\Backend\Week9\target\scala-2.12\classes ...
[info] done compiling
